#
# There is insufficient memory for the Java Runtime Environment to continue.
# Native memory allocation (mmap) failed to map 268435456 bytes for G1 virtual space
# Possible reasons:
#   The system is out of physical RAM or swap space
#   The process is running with CompressedOops enabled, and the Java Heap may be blocking the growth of the native heap
# Possible solutions:
#   Reduce memory load on the system
#   Increase physical memory or swap space
#   Check if swap backing store is full
#   Decrease Java heap size (-Xmx/-Xms)
#   Decrease number of Java threads
#   Decrease Java thread stack sizes (-Xss)
#   Set larger code cache with -XX:ReservedCodeCacheSize=
#   JVM is running with Zero Based Compressed Oops mode in which the Java heap is
#     placed in the first 32GB address space. The Java Heap base address is the
#     maximum limit for the native heap growth. Please use -XX:HeapBaseMinAddress
#     to set the Java Heap base and to place the Java Heap above 32GB virtual address.
# This output file may be truncated or incomplete.
#
#  Out of Memory Error (os_windows.cpp:3617), pid=25492, tid=8372
#
# JRE version:  (17.0.8+7) (build )
# Java VM: OpenJDK 64-Bit Server VM (17.0.8+7-LTS, mixed mode, emulated-client, sharing, tiered, compressed oops, compressed class ptrs, g1 gc, windows-amd64)
# No core dump will be written. Minidumps are not enabled by default on client versions of Windows
#

---------------  S U M M A R Y ------------

Command Line: -XX:TieredStopAtLevel=1 -Dspring.output.ansi.enabled=always -Dcom.sun.management.jmxremote -Dspring.jmx.enabled=true -Dspring.liveBeansView.mbeanDomain -Dspring.application.admin.enabled=true -Dmanagement.endpoints.jmx.exposure.include=* -javaagent:D:\IntelliJ IDEA 2023.2\lib\idea_rt.jar=64489:D:\IntelliJ IDEA 2023.2\bin -Dfile.encoding=UTF-8 com.example.demo.SnackApplication

Host: Intel(R) Core(TM) i5-9400F CPU @ 2.90GHz, 6 cores, 15G,  Windows 10 , 64 bit Build 19041 (10.0.19041.1706)
Time: Sun Aug  6 15:56:38 2023  Windows 10 , 64 bit Build 19041 (10.0.19041.1706) elapsed time: 0.018652 seconds (0d 0h 0m 0s)

---------------  T H R E A D  ---------------

Current thread (0x0000020928a46f60):  JavaThread "Unknown thread" [_thread_in_vm, id=8372, stack(0x00000056feb00000,0x00000056fec00000)]

Stack: [0x00000056feb00000,0x00000056fec00000]
Native frames: (J=compiled Java code, j=interpreted, Vv=VM code, C=native code)
V  [jvm.dll+0x64c9da]
V  [jvm.dll+0x800834]
V  [jvm.dll+0x801fee]
V  [jvm.dll+0x802643]
V  [jvm.dll+0x23715b]
V  [jvm.dll+0x64977a]
V  [jvm.dll+0x63e1ca]
V  [jvm.dll+0x2f5e99]
V  [jvm.dll+0x2fd096]
V  [jvm.dll+0x349b7a]
V  [jvm.dll+0x349dbf]
V  [jvm.dll+0x2cc0d8]
V  [jvm.dll+0x2cd069]
V  [jvm.dll+0x7d4491]
V  [jvm.dll+0x357051]
V  [jvm.dll+0x7b485e]
V  [jvm.dll+0x3d45f3]
V  [jvm.dll+0x3d6041]
C  [jli.dll+0x51bf]
C  [ucrtbase.dll+0x21bb2]
C  [KERNEL32.DLL+0x17034]
C  [ntdll.dll+0x52651]


---------------  P R O C E S S  ---------------

Threads class SMR info:
_java_thread_list=0x00007ffdc207f898, length=0, elements={
}

Java Threads: ( => current thread )

Other Threads:
  0x0000020928aaf5d0 GCTaskThread "GC Thread#0" [stack: 0x00000056fec00000,0x00000056fed00000] [id=1228]
  0x0000020928ac02e0 ConcurrentGCThread "G1 Main Marker" [stack: 0x00000056fed00000,0x00000056fee00000] [id=28644]
  0x0000020928ac1430 ConcurrentGCThread "G1 Conc#0" [stack: 0x00000056fee00000,0x00000056fef00000] [id=1368]

[error occurred during error reporting (printing all threads), id 0xc0000005, EXCEPTION_ACCESS_VIOLATION (0xc0000005) at pc=0x00007ffdc186d377]

VM state: not at safepoint (not fully initialized)

VM Mutex/Monitor currently owned by a thread:  ([mutex/lock_event])
[0x0000020928a42bb0] Heap_lock - owner thread: 0x0000020928a46f60

Heap address: 0x0000000701400000, size: 4076 MB, Compressed Oops mode: Zero based, Oop shift amount: 3

CDS archive(s) mapped at: [0x0000000000000000-0x0000000000000000-0x0000000000000000), size 0, SharedBaseAddress: 0x0000000800000000, ArchiveRelocationMode: 1.
Narrow klass base: 0x0000000000000000, Narrow klass shift: 0, Narrow klass range: 0x0

GC Precious Log:
<Empty>

Heap:
 garbage-first heap   total 0K, used 0K [0x0000000701400000, 0x0000000800000000)
  region size 2048K, 0 young (0K), 0 survivors (0K)

[error occurred during error reporting (printing heap information), id 0xc0000005, EXCEPTION_ACCESS_VIOLATION (0xc0000005) at pc=0x00007ffdc1c34bd9]

GC Heap History (0 events):
No events

Dll operation events (1 events):
Event: 0.012 Loaded shared library C:\Users\Administrator\.jdks\corretto-17.0.8\bin\java.dll

Deoptimization events (0 events):
No events

Classes unloaded (0 events):
No events

Classes redefined (0 events):
No events

Internal exceptions (0 events):
No events

VM Operations (0 events):
No events

Events (0 events):
No events


Dynamic libraries:
0x00007ff6bdad0000 - 0x00007ff6bdadd000 	C:\Users\Administrator\.jdks\corretto-17.0.8\bin\java.exe
0x00007ffe17b70000 - 0x00007ffe17d65000 	C:\WINDOWS\SYSTEM32\ntdll.dll
0x00007ffe17560000 - 0x00007ffe1761d000 	C:\WINDOWS\System32\KERNEL32.DLL
0x00007ffe15340000 - 0x00007ffe1560d000 	C:\WINDOWS\System32\KERNELBASE.dll
0x00007ffe15680000 - 0x00007ffe15780000 	C:\WINDOWS\System32\ucrtbase.dll
0x00007ffdfe740000 - 0x00007ffdfe755000 	C:\Users\Administrator\.jdks\corretto-17.0.8\bin\VCRUNTIME140.dll
0x00007ffe10f30000 - 0x00007ffe10f47000 	C:\Users\Administrator\.jdks\corretto-17.0.8\bin\jli.dll
0x00007ffe16b40000 - 0x00007ffe16ce0000 	C:\WINDOWS\System32\USER32.dll
0x00007ffe15310000 - 0x00007ffe15332000 	C:\WINDOWS\System32\win32u.dll
0x00007ffe165e0000 - 0x00007ffe1660a000 	C:\WINDOWS\System32\GDI32.dll
0x00007ffe158e0000 - 0x00007ffe159eb000 	C:\WINDOWS\System32\gdi32full.dll
0x00007ffe00760000 - 0x00007ffe009fa000 	C:\WINDOWS\WinSxS\amd64_microsoft.windows.common-controls_6595b64144ccf1df_6.0.19041.1110_none_60b5254171f9507e\COMCTL32.dll
0x00007ffe159f0000 - 0x00007ffe15a8d000 	C:\WINDOWS\System32\msvcp_win.dll
0x00007ffe16610000 - 0x00007ffe166ae000 	C:\WINDOWS\System32\msvcrt.dll
0x00007ffe16000000 - 0x00007ffe16030000 	C:\WINDOWS\System32\IMM32.DLL
0x00007ffdf5470000 - 0x00007ffdf550b000 	C:\Users\Administrator\.jdks\corretto-17.0.8\bin\msvcp140.dll
0x00007ffdc1590000 - 0x00007ffdc21ad000 	C:\Users\Administrator\.jdks\corretto-17.0.8\bin\server\jvm.dll
0x00007ffe15f50000 - 0x00007ffe15ffe000 	C:\WINDOWS\System32\ADVAPI32.dll
0x00007ffe161e0000 - 0x00007ffe1627c000 	C:\WINDOWS\System32\sechost.dll
0x00007ffe163b0000 - 0x00007ffe164d5000 	C:\WINDOWS\System32\RPCRT4.dll
0x00007ffe04d60000 - 0x00007ffe04d87000 	C:\WINDOWS\SYSTEM32\WINMM.dll
0x00007ffdfe0f0000 - 0x00007ffdfe0f9000 	C:\WINDOWS\SYSTEM32\WSOCK32.dll
0x00007ffe14cc0000 - 0x00007ffe14d0b000 	C:\WINDOWS\SYSTEM32\POWRPROF.dll
0x00007ffe0f000000 - 0x00007ffe0f00a000 	C:\WINDOWS\SYSTEM32\VERSION.dll
0x00007ffe174f0000 - 0x00007ffe1755b000 	C:\WINDOWS\System32\WS2_32.dll
0x00007ffe14ca0000 - 0x00007ffe14cb2000 	C:\WINDOWS\SYSTEM32\UMPDC.dll
0x00007ffe131a0000 - 0x00007ffe131b2000 	C:\WINDOWS\SYSTEM32\kernel.appcore.dll
0x00007ffe12a70000 - 0x00007ffe12a7a000 	C:\Users\Administrator\.jdks\corretto-17.0.8\bin\jimage.dll
0x00007ffe01c20000 - 0x00007ffe01e04000 	C:\WINDOWS\SYSTEM32\DBGHELP.DLL
0x00007ffdfcfd0000 - 0x00007ffdfcffc000 	C:\WINDOWS\SYSTEM32\dbgcore.DLL
0x00007ffe15280000 - 0x00007ffe15302000 	C:\WINDOWS\System32\bcryptPrimitives.dll
0x00007ffe0c610000 - 0x00007ffe0c61e000 	C:\Users\Administrator\.jdks\corretto-17.0.8\bin\instrument.dll
0x00007ffdfe710000 - 0x00007ffdfe735000 	C:\Users\Administrator\.jdks\corretto-17.0.8\bin\java.dll

dbghelp: loaded successfully - version: 4.0.5 - missing functions: none
symbol engine: initialized successfully - sym options: 0x614 - pdb path: .;C:\Users\Administrator\.jdks\corretto-17.0.8\bin;C:\WINDOWS\SYSTEM32;C:\WINDOWS\WinSxS\amd64_microsoft.windows.common-controls_6595b64144ccf1df_6.0.19041.1110_none_60b5254171f9507e;C:\Users\Administrator\.jdks\corretto-17.0.8\bin\server

VM Arguments:
jvm_args: -XX:TieredStopAtLevel=1 -Dspring.output.ansi.enabled=always -Dcom.sun.management.jmxremote -Dspring.jmx.enabled=true -Dspring.liveBeansView.mbeanDomain -Dspring.application.admin.enabled=true -Dmanagement.endpoints.jmx.exposure.include=* -javaagent:D:\IntelliJ IDEA 2023.2\lib\idea_rt.jar=64489:D:\IntelliJ IDEA 2023.2\bin -Dfile.encoding=UTF-8 
java_command: com.example.demo.SnackApplication
java_class_path (initial): D:\login\SNACK\out\production\classes;D:\login\SNACK\out\production\resources;C:\Users\Administrator\.gradle\caches\modules-2\files-2.1\org.projectlombok\lombok\1.18.28\a2ff5da8bcd8b1b26f36b806ced63213362c6dcc\lombok-1.18.28.jar;C:\Users\Administrator\.gradle\caches\modules-2\files-2.1\com.querydsl\querydsl-apt\5.0.0\d48657412f2b96d787bbe5ae393e33815c94b4d0\querydsl-apt-5.0.0-jakarta.jar;C:\Users\Administrator\.gradle\caches\modules-2\files-2.1\org.springframework.boot\spring-boot-starter-websocket\3.1.1\33837b69060a350ec5e708a8435f5fbe6568179b\spring-boot-starter-websocket-3.1.1.jar;C:\Users\Administrator\.gradle\caches\modules-2\files-2.1\org.springframework.boot\spring-boot-starter-web\3.1.1\f2c2d9e35430e4b4a98ad91780bb9b2d1deec08\spring-boot-starter-web-3.1.1.jar;C:\Users\Administrator\.gradle\caches\modules-2\files-2.1\org.springframework.boot\spring-boot-starter-security\3.1.1\f793cb8804e6f00916673a7754284dadc0b4502c\spring-boot-starter-security-3.1.1.jar;C:\Users\Administrator\.gradle\caches\modules-2\files-2.1\org.springframework.boot\spring-boot-starter-mail\3.1.1\b2e2ffd124b36cb6cd37ccf9a3348df2bf333e29\spring-boot-starter-mail-3.1.1.jar;C:\Users\Administrator\.gradle\caches\modules-2\files-2.1\org.springframework.boot\spring-boot-starter-validation\3.1.1\3321fb7fe2df3d6a390c260c858462bc27e1dab7\spring-boot-starter-validation-3.1.1.jar;C:\Users\Administrator\.gradle\caches\modules-2\files-2.1\org.springframework.boot\spring-boot-starter-data-jpa\3.1.1\f129ea070d7d7152c984189301dc751be45f9a38\spring-boot-starter-data-jpa-3.1.1.jar;C:\Users\Administrator\.gradle\caches\modules-2\files-2.1\jakarta.annotation\jakarta.annotation-api\2.1.1\48b9bda22b091b1f48b13af03fe36db3be6e1ae3\jakarta.annotation-api-2.1.1.jar;C:\Users\Administrator\.gradle\caches\modules-2\files-2.1\jakarta.persistence\jakarta.persistence-api\3.1.0\66901fa1c373c6aff65c13791cc11da72060a8d6\jakarta.persistence-api-3.1.0.jar;C:\Users\Administrator\.gradle\caches\modu
Launcher Type: SUN_STANDARD

[Global flags]
     intx CICompilerCount                          = 3                                         {product} {ergonomic}
     uint ConcGCThreads                            = 2                                         {product} {ergonomic}
     uint G1ConcRefinementThreads                  = 6                                         {product} {ergonomic}
   size_t G1HeapRegionSize                         = 2097152                                   {product} {ergonomic}
    uintx GCDrainStackTargetSize                   = 64                                        {product} {ergonomic}
   size_t InitialHeapSize                          = 268435456                                 {product} {ergonomic}
     bool ManagementServer                         = true                                      {product} {command line}
   size_t MarkStackSize                            = 4194304                                   {product} {ergonomic}
   size_t MaxHeapSize                              = 4273995776                                {product} {ergonomic}
   size_t MinHeapDeltaBytes                        = 2097152                                   {product} {ergonomic}
   size_t MinHeapSize                              = 8388608                                   {product} {ergonomic}
    uintx NonProfiledCodeHeapSize                  = 0                                      {pd product} {ergonomic}
     bool ProfileInterpreter                       = false                                  {pd product} {command line}
    uintx ProfiledCodeHeapSize                     = 0                                      {pd product} {ergonomic}
   size_t SoftMaxHeapSize                          = 4273995776                             {manageable} {ergonomic}
     intx TieredStopAtLevel                        = 1                                         {product} {command line}
     bool UseCompressedClassPointers               = true                           {product lp64_product} {ergonomic}
     bool UseCompressedOops                        = true                           {product lp64_product} {ergonomic}
     bool UseG1GC                                  = true                                      {product} {ergonomic}
     bool UseLargePagesIndividualAllocation        = false                                  {pd product} {ergonomic}

Logging:
Log output configuration:
 #0: stdout all=warning uptime,level,tags
 #1: stderr all=off uptime,level,tags

Environment Variables:
PATH=C:\Program Files\NVIDIA GPU Computing Toolkit\CUDA\v12.1\bin;C:\Program Files\NVIDIA GPU Computing Toolkit\CUDA\v12.1\libnvvp;D:\01DevelopKits\oracle\app\oracle\product\11.2.0\server\bin;C:\Program Files\Common Files\Oracle\Java\javapath;C:\Program Files (x86)\Common Files\Oracle\Java\javapath;C:\Program Files (x86)\NAT Service;C:\Windows\system32;C:\Windows;C:\Windows\System32\Wbem;C:\Windows\System32\WindowsPowerShell\v1.0\;C:\Windows\System32\OpenSSH\;C:\Program Files\NVIDIA Corporation\NVIDIA NGX;C:\Program Files (x86)\NVIDIA Corporation\PhysX\Common;C:\Program Files\NVIDIA Corporation\NVIDIA NvDLISR;C:\Program Files (x86)\Intel\Intel(R) Management Engine Components\DAL;C:\Program Files\Intel\Intel(R) Management Engine Components\DAL;C:\Program Files\Java\jdk-11.0.14\bin;C:\WINDOWS\system32;C:\WINDOWS;C:\WINDOWS\System32\Wbem;C:\WINDOWS\System32\WindowsPowerShell\v1.0\;C:\WINDOWS\System32\OpenSSH\;D:\Git\cmd;C:\Program Files\MySQL\MySQL Server 5.7\bin;C:\Program Files\Bandizip\;C:\Program Files\MySQL\MySQL Server 8.0\bin;D:\;C:\Program Files\Cloudflare\Cloudflare WARP\;C:\Program Files\NVIDIA Corporation\Nsight Compute 2023.1.0\;D:\01DevelopKits\;C:\Program Files\MySQL\MySQL Shell 8.0\bin\;C:\Users\Administrator\AppData\Local\Microsoft\WindowsApps;C:\Program Files\heroku\bin;D:\IntelliJ IDEA 2023.2\bin;;C:\Users\Administrator\AppData\Roaming\npm
USERNAME=Administrator
OS=Windows_NT
PROCESSOR_IDENTIFIER=Intel64 Family 6 Model 158 Stepping 10, GenuineIntel
TMP=C:\Users\ADMINI~1\AppData\Local\Temp
TEMP=C:\Users\ADMINI~1\AppData\Local\Temp



---------------  S Y S T E M  ---------------

OS:
 Windows 10 , 64 bit Build 19041 (10.0.19041.1706)
OS uptime: 2 days 2:11 hours

CPU: total 6 (initial active 6) (6 cores per cpu, 1 threads per core) family 6 model 158 stepping 10 microcode 0xb4, cx8, cmov, fxsr, mmx, 3dnowpref, sse, sse2, sse3, ssse3, sse4.1, sse4.2, popcnt, lzcnt, tsc, tscinvbit, avx, avx2, aes, erms, clmul, bmi1, bmi2, adx, fma, vzeroupper, clflush, clflushopt
Processor Information for all 6 processors :
  Max Mhz: 2904, Current Mhz: 2904, Mhz Limit: 2904

Memory: 4k page, system-wide physical 16300M (2707M free)
TotalPageFile size 20396M (AvailPageFile size 236M)
current process WorkingSet (physical memory assigned to process): 10M, peak: 10M
current process commit charge ("private bytes"): 51M, peak: 307M

vm_info: OpenJDK 64-Bit Server VM (17.0.8+7-LTS) for windows-amd64 JRE (17.0.8+7-LTS), built on Jul 10 2023 20:26:03 by "Administrator" with MS VC++ 15.9 (VS2017)

END.
